{
  "RSpec": {
    "coverage": {
      "/Users/SophieGowen/Dropbox/Makers/repos/week5/makers-bnb/app.rb": {
        "lines": [
          1,
          1,
          1,
          1,
          1,
          1,
          1,
          null,
          1,
          1,
          1,
          1,
          1,
          1,
          null,
          null,
          1,
          1,
          null,
          1,
          14,
          null,
          null,
          1,
          13,
          13,
          null,
          13,
          null,
          null,
          1,
          7,
          null,
          null,
          1,
          6,
          null,
          3,
          null,
          null,
          1,
          3,
          3,
          3,
          3,
          null,
          null,
          1,
          3,
          3,
          3,
          null,
          null,
          1,
          1,
          1,
          1,
          null,
          null,
          1,
          1,
          1,
          1,
          null,
          null,
          1,
          5,
          5,
          5,
          null,
          null,
          1,
          2,
          2,
          2,
          2,
          2,
          null,
          null,
          1,
          9,
          8,
          null,
          null,
          null,
          8,
          8,
          null,
          1,
          1,
          null,
          null,
          null,
          1,
          7,
          null,
          null,
          1,
          4,
          null,
          4,
          2,
          2,
          null,
          2,
          2,
          null,
          null,
          null,
          1,
          1,
          1,
          1,
          null,
          null,
          1,
          null
        ]
      },
      "/Users/SophieGowen/Dropbox/Makers/repos/week5/makers-bnb/lib/space.rb": {
        "lines": [
          1,
          null,
          1,
          1,
          null,
          1,
          12,
          12,
          12,
          12,
          12,
          12,
          12,
          null,
          null,
          1,
          8,
          null,
          null,
          null,
          null,
          null,
          null,
          null,
          1,
          13,
          null,
          13,
          3,
          null,
          null,
          null,
          13,
          null,
          13,
          3,
          3,
          null,
          null,
          13,
          null,
          null,
          1,
          9,
          null,
          9,
          null,
          9,
          null,
          null
        ]
      },
      "/Users/SophieGowen/Dropbox/Makers/repos/week5/makers-bnb/lib/database_connection.rb": {
        "lines": [
          1,
          null,
          1,
          1,
          1,
          null,
          null,
          1,
          119,
          null,
          null
        ]
      },
      "/Users/SophieGowen/Dropbox/Makers/repos/week5/makers-bnb/lib/bookings.rb": {
        "lines": [
          1,
          null,
          1,
          1,
          null,
          1,
          29,
          29,
          29,
          29,
          29,
          29,
          29,
          29,
          null,
          null,
          1,
          16,
          null,
          null,
          null,
          null,
          1,
          11,
          null,
          11,
          12,
          null,
          null,
          null,
          1,
          6,
          null,
          6,
          7,
          null,
          null,
          null,
          1,
          3,
          null,
          3,
          5,
          null,
          null,
          null,
          1,
          5,
          null,
          5,
          null,
          5,
          null,
          null,
          1,
          2,
          null,
          null,
          null,
          null,
          null,
          1,
          2,
          null,
          null,
          null,
          null,
          null
        ]
      },
      "/Users/SophieGowen/Dropbox/Makers/repos/week5/makers-bnb/lib/user.rb": {
        "lines": [
          1,
          1,
          null,
          1,
          1,
          null,
          1,
          40,
          40,
          40,
          null,
          null,
          1,
          18,
          18,
          null,
          null,
          null,
          null,
          18,
          null,
          null,
          1,
          7,
          null,
          null,
          null,
          null,
          7,
          5,
          null,
          3,
          null,
          null,
          1,
          19,
          19,
          19,
          null,
          null
        ]
      },
      "/Users/SophieGowen/Dropbox/Makers/repos/week5/makers-bnb/database_connection_setup.rb": {
        "lines": [
          1,
          null,
          1,
          1,
          null,
          0,
          null
        ]
      },
      "/Users/SophieGowen/Dropbox/Makers/repos/week5/makers-bnb/spec/setup_test_database.rb": {
        "lines": [
          1,
          null,
          1,
          27,
          27,
          null
        ]
      },
      "/Users/SophieGowen/Dropbox/Makers/repos/week5/makers-bnb/spec/features/web_helpers.rb": {
        "lines": [
          1,
          7,
          7,
          7,
          7,
          7,
          7,
          7,
          null
        ]
      },
      "/Users/SophieGowen/Dropbox/Makers/repos/week5/makers-bnb/spec/bookings_spec.rb": {
        "lines": [
          1,
          1,
          null,
          1,
          1,
          1,
          1,
          null,
          null,
          1,
          null,
          null,
          1,
          null,
          null,
          1,
          null,
          1,
          1,
          1,
          null,
          null,
          null,
          1,
          1,
          1,
          null,
          null,
          1,
          null,
          null,
          1,
          null,
          null,
          1,
          null,
          1,
          1,
          1,
          null,
          null,
          null,
          1,
          1,
          1,
          null,
          null,
          1,
          null,
          null,
          1,
          null,
          1,
          null,
          null,
          1,
          null,
          1,
          1,
          1,
          1,
          null,
          null,
          null,
          1,
          1,
          1,
          null,
          null,
          1,
          null,
          1,
          null,
          1,
          null,
          null,
          null,
          1,
          1,
          1,
          null,
          null,
          1,
          1,
          1,
          null,
          1,
          null,
          null,
          null,
          1,
          1,
          1,
          null,
          1,
          1,
          1,
          null,
          1,
          null,
          null,
          null
        ]
      },
      "/Users/SophieGowen/Dropbox/Makers/repos/week5/makers-bnb/spec/database_helpers.rb": {
        "lines": [
          1,
          null,
          1,
          2,
          2,
          2,
          null
        ]
      },
      "/Users/SophieGowen/Dropbox/Makers/repos/week5/makers-bnb/spec/features/add_new_space_spec.rb": {
        "lines": [
          1,
          1,
          1,
          1,
          1,
          null,
          null,
          1,
          1,
          1,
          1,
          1,
          1,
          null,
          null,
          1,
          1,
          1,
          1,
          1,
          1,
          null,
          null,
          1,
          1,
          1,
          1,
          1,
          1,
          null,
          null
        ]
      },
      "/Users/SophieGowen/Dropbox/Makers/repos/week5/makers-bnb/spec/features/authentication_spec.rb": {
        "lines": [
          1,
          1,
          1,
          null,
          1,
          1,
          1,
          1,
          1,
          null,
          1,
          null,
          null,
          1,
          1,
          null,
          1,
          1,
          1,
          1,
          1,
          null,
          1,
          1,
          null,
          null,
          1,
          1,
          null,
          1,
          1,
          1,
          1,
          1,
          null,
          1,
          1,
          null,
          null,
          1,
          1,
          null,
          1,
          1,
          1,
          1,
          1,
          null,
          1,
          null,
          1,
          1,
          null,
          null
        ]
      },
      "/Users/SophieGowen/Dropbox/Makers/repos/week5/makers-bnb/spec/features/confirm_request_spec.rb": {
        "lines": [
          1,
          1,
          1,
          1,
          1,
          1,
          1,
          1,
          1,
          1,
          1,
          1,
          1,
          1,
          1,
          1,
          1,
          1,
          1,
          null,
          null
        ]
      },
      "/Users/SophieGowen/Dropbox/Makers/repos/week5/makers-bnb/spec/features/deny_request_spec.rb": {
        "lines": [
          1,
          1,
          1,
          1,
          1,
          1,
          1,
          1,
          1,
          1,
          1,
          1,
          1,
          1,
          1,
          1,
          1,
          1,
          1,
          null,
          null
        ]
      },
      "/Users/SophieGowen/Dropbox/Makers/repos/week5/makers-bnb/spec/features/request_booking_spec.rb": {
        "lines": [
          1,
          1,
          1,
          1,
          1,
          1,
          1,
          1,
          1,
          1,
          1,
          1,
          1,
          1,
          1,
          1,
          1,
          1,
          null,
          null
        ]
      },
      "/Users/SophieGowen/Dropbox/Makers/repos/week5/makers-bnb/spec/features/signing_up_spec.rb": {
        "lines": [
          1,
          1,
          1,
          1,
          1,
          1,
          1,
          1,
          1,
          null,
          1,
          null,
          null,
          1,
          1,
          1,
          1,
          1,
          1,
          1,
          1,
          null,
          1,
          1,
          null,
          null
        ]
      },
      "/Users/SophieGowen/Dropbox/Makers/repos/week5/makers-bnb/spec/space_spec.rb": {
        "lines": [
          1,
          1,
          null,
          1,
          1,
          1,
          1,
          null,
          1,
          null,
          1,
          1,
          1,
          null,
          null,
          null,
          1,
          1,
          1,
          null,
          1,
          null,
          1,
          1,
          null,
          null,
          null
        ]
      },
      "/Users/SophieGowen/Dropbox/Makers/repos/week5/makers-bnb/spec/user_spec.rb": {
        "lines": [
          1,
          null,
          1,
          1,
          1,
          1,
          null,
          1,
          null,
          1,
          1,
          1,
          null,
          null,
          1,
          1,
          1,
          null,
          null,
          null,
          1,
          1,
          1,
          null,
          1,
          null,
          1,
          1,
          null,
          null,
          null,
          1,
          1,
          1,
          1,
          null,
          1,
          null,
          1,
          null,
          null,
          null,
          1,
          1,
          1,
          null,
          1,
          null,
          null,
          null,
          1,
          1,
          1,
          null,
          1,
          null,
          null,
          null,
          null
        ]
      }
    },
    "timestamp": 1642765500
  }
}
