{
  "RSpec": {
    "coverage": {
      "/Users/anthonychaplin/Desktop/Group_Projects/makers-bnb/app.rb": {
        "lines": [
          1,
          1,
          null,
          1,
          1,
          1,
          null,
          null,
          1,
          1,
          null,
          null,
          1,
          1,
          null,
          null,
          1,
          1,
          null,
          null,
          1,
          null
        ]
      },
      "/Users/anthonychaplin/Desktop/Group_Projects/makers-bnb/spec/features/add_new_space_spec.rb": {
        "lines": [
          1,
          1,
          1,
          1,
          1,
          null,
          null
        ]
      },
      "/Users/anthonychaplin/Desktop/Group_Projects/makers-bnb/spec/features/test_spec.rb": {
        "lines": [
          1,
          1,
          1,
          1,
          null,
          null
        ]
      }
    },
    "timestamp": 1642431933
  }
}
